2019-09-26 00:31:52,328 - qtpyvcp - INFO - Logging to /home/chris/dev/probe_basic/config/xyzab/sim.log
2019-09-26 00:31:52,328 - qtpyvcp - INFO - QtPyVCP Version: v0.2.6+2.g504db727
2019-09-26 00:31:52,397 - qtpyvcp.utilities.info - INFO - The machine has 5 axes and 5 joints
2019-09-26 00:31:52,397 - qtpyvcp.utilities.info - INFO - The Axis/Joint mapping is:
2019-09-26 00:31:52,397 - qtpyvcp.utilities.info - INFO - Axis X --> Joint 0
2019-09-26 00:31:52,397 - qtpyvcp.utilities.info - INFO - Axis Y --> Joint 1
2019-09-26 00:31:52,398 - qtpyvcp.utilities.info - INFO - Axis Z --> Joint 2
2019-09-26 00:31:52,398 - qtpyvcp.utilities.info - INFO - Axis A --> Joint 3
2019-09-26 00:31:52,398 - qtpyvcp.utilities.info - INFO - Axis B --> Joint 4
2019-09-26 00:31:52,775 - qtpyvcp - INFO - Loading QSS stylesheet file: /home/chris/dev/qtpyvcp/examples/probe_basic/probe_basic.qss
2019-09-26 00:31:58,897 - qtpyvcp.actions.machine_actions - INFO - Homing all axes
2019-09-26 00:32:19,203 - qtpyvcp.actions.machine_actions - INFO - Issuing MDI command: G10 L20 P1 X0.0
2019-09-26 00:32:19,226 - qtpyvcp.widgets.display_widgets.vtk_backplot.vtk_backplot - INFO - g5x offset
2019-09-26 00:32:19,227 - qtpyvcp.widgets.display_widgets.vtk_backplot.vtk_backplot - INFO - G5x Update Started
2019-09-26 00:32:19,280 - qtpyvcp.widgets.display_widgets.vtk_backplot.vtk_backplot - INFO - g5x offset
2019-09-26 00:32:19,280 - qtpyvcp.widgets.display_widgets.vtk_backplot.vtk_backplot - INFO - G5x Update Started
2019-09-26 00:32:20,101 - qtpyvcp.actions.machine_actions - INFO - Issuing MDI command: G10 L20 P1 Y0.0
2019-09-26 00:32:20,123 - qtpyvcp.widgets.display_widgets.vtk_backplot.vtk_backplot - INFO - g5x offset
2019-09-26 00:32:20,123 - qtpyvcp.widgets.display_widgets.vtk_backplot.vtk_backplot - INFO - G5x Update Started
2019-09-26 00:32:20,158 - qtpyvcp.widgets.display_widgets.vtk_backplot.vtk_backplot - INFO - g5x offset
2019-09-26 00:32:20,158 - qtpyvcp.widgets.display_widgets.vtk_backplot.vtk_backplot - INFO - G5x Update Started
2019-09-26 00:32:21,007 - qtpyvcp.actions.machine_actions - INFO - Issuing MDI command: G10 L20 P1 Z0.0
2019-09-26 00:32:21,029 - qtpyvcp.widgets.display_widgets.vtk_backplot.vtk_backplot - INFO - g5x offset
2019-09-26 00:32:21,029 - qtpyvcp.widgets.display_widgets.vtk_backplot.vtk_backplot - INFO - G5x Update Started
2019-09-26 00:32:21,082 - qtpyvcp.widgets.display_widgets.vtk_backplot.vtk_backplot - INFO - g5x offset
2019-09-26 00:32:21,083 - qtpyvcp.widgets.display_widgets.vtk_backplot.vtk_backplot - INFO - G5x Update Started
2019-09-26 00:32:28,640 - qtpyvcp.actions.machine_actions - INFO - Issuing MDI command: G55
2019-09-26 00:32:28,664 - qtpyvcp.widgets.display_widgets.vtk_backplot.vtk_backplot - INFO - g5x offset
2019-09-26 00:32:28,664 - qtpyvcp.widgets.display_widgets.vtk_backplot.vtk_backplot - INFO - G5x Update Started
2019-09-26 00:32:28,713 - qtpyvcp.widgets.display_widgets.vtk_backplot.vtk_backplot - INFO - g5x offset
2019-09-26 00:32:28,714 - qtpyvcp.widgets.display_widgets.vtk_backplot.vtk_backplot - INFO - G5x Update Started
2019-09-26 00:32:42,594 - qtpyvcp.actions.machine_actions - INFO - Issuing MDI command: G10 L20 P2 X0.0
2019-09-26 00:32:42,616 - qtpyvcp.widgets.display_widgets.vtk_backplot.vtk_backplot - INFO - g5x offset
2019-09-26 00:32:42,617 - qtpyvcp.widgets.display_widgets.vtk_backplot.vtk_backplot - INFO - G5x Update Started
2019-09-26 00:32:42,663 - qtpyvcp.widgets.display_widgets.vtk_backplot.vtk_backplot - INFO - g5x offset
2019-09-26 00:32:42,664 - qtpyvcp.widgets.display_widgets.vtk_backplot.vtk_backplot - INFO - G5x Update Started
2019-09-26 00:32:43,330 - qtpyvcp.actions.machine_actions - INFO - Issuing MDI command: G10 L20 P2 Y0.0
2019-09-26 00:32:43,352 - qtpyvcp.widgets.display_widgets.vtk_backplot.vtk_backplot - INFO - g5x offset
2019-09-26 00:32:43,352 - qtpyvcp.widgets.display_widgets.vtk_backplot.vtk_backplot - INFO - G5x Update Started
2019-09-26 00:32:43,393 - qtpyvcp.widgets.display_widgets.vtk_backplot.vtk_backplot - INFO - g5x offset
2019-09-26 00:32:43,393 - qtpyvcp.widgets.display_widgets.vtk_backplot.vtk_backplot - INFO - G5x Update Started
2019-09-26 00:32:44,320 - qtpyvcp.actions.machine_actions - INFO - Issuing MDI command: G10 L20 P2 Z0.0
2019-09-26 00:32:44,344 - qtpyvcp.widgets.display_widgets.vtk_backplot.vtk_backplot - INFO - g5x offset
2019-09-26 00:32:44,344 - qtpyvcp.widgets.display_widgets.vtk_backplot.vtk_backplot - INFO - G5x Update Started
2019-09-26 00:32:44,398 - qtpyvcp.widgets.display_widgets.vtk_backplot.vtk_backplot - INFO - g5x offset
2019-09-26 00:32:44,399 - qtpyvcp.widgets.display_widgets.vtk_backplot.vtk_backplot - INFO - G5x Update Started
